<?xml version="1.0" encoding="UTF-8"?>
<testsuite xmlns:xsi="http://www.w3.org/2001/XMLSchema-instance" xsi:noNamespaceSchemaLocation="https://maven.apache.org/surefire/maven-surefire-plugin/xsd/surefire-test-report.xsd" version="3.0.2" name="com.examly.springapp.SpringappApplicationTests" time="7.6" tests="79" errors="0" skipped="0" failures="1">
  <properties>
    <property name="java.specification.version" value="17"/>
    <property name="sun.jnu.encoding" value="UTF-8"/>
    <property name="java.class.path" value="/home/coder/project/workspace/springapp/target/test-classes:/home/coder/project/workspace/springapp/target/classes:/home/coder/.m2/repository/org/springframework/boot/spring-boot-starter-data-jpa/3.4.12/spring-boot-starter-data-jpa-3.4.12.jar:/home/coder/.m2/repository/org/springframework/boot/spring-boot-starter/3.4.12/spring-boot-starter-3.4.12.jar:/home/coder/.m2/repository/org/springframework/boot/spring-boot-starter-logging/3.4.12/spring-boot-starter-logging-3.4.12.jar:/home/coder/.m2/repository/ch/qos/logback/logback-classic/1.5.21/logback-classic-1.5.21.jar:/home/coder/.m2/repository/ch/qos/logback/logback-core/1.5.21/logback-core-1.5.21.jar:/home/coder/.m2/repository/org/apache/logging/log4j/log4j-to-slf4j/2.24.3/log4j-to-slf4j-2.24.3.jar:/home/coder/.m2/repository/org/apache/logging/log4j/log4j-api/2.24.3/log4j-api-2.24.3.jar:/home/coder/.m2/repository/org/slf4j/jul-to-slf4j/2.0.17/jul-to-slf4j-2.0.17.jar:/home/coder/.m2/repository/jakarta/annotation/jakarta.annotation-api/2.1.1/jakarta.annotation-api-2.1.1.jar:/home/coder/.m2/repository/org/yaml/snakeyaml/2.3/snakeyaml-2.3.jar:/home/coder/.m2/repository/org/springframework/boot/spring-boot-starter-jdbc/3.4.12/spring-boot-starter-jdbc-3.4.12.jar:/home/coder/.m2/repository/com/zaxxer/HikariCP/5.1.0/HikariCP-5.1.0.jar:/home/coder/.m2/repository/org/springframework/spring-jdbc/6.2.14/spring-jdbc-6.2.14.jar:/home/coder/.m2/repository/org/hibernate/orm/hibernate-core/6.6.36.Final/hibernate-core-6.6.36.Final.jar:/home/coder/.m2/repository/jakarta/persistence/jakarta.persistence-api/3.1.0/jakarta.persistence-api-3.1.0.jar:/home/coder/.m2/repository/jakarta/transaction/jakarta.transaction-api/2.0.1/jakarta.transaction-api-2.0.1.jar:/home/coder/.m2/repository/org/jboss/logging/jboss-logging/3.6.1.Final/jboss-logging-3.6.1.Final.jar:/home/coder/.m2/repository/org/hibernate/common/hibernate-commons-annotations/7.0.3.Final/hibernate-commons-annotations-7.0.3.Final.jar:/home/coder/.m2/repository/io/smallrye/jandex/3.2.0/jandex-3.2.0.jar:/home/coder/.m2/repository/com/fasterxml/classmate/1.7.1/classmate-1.7.1.jar:/home/coder/.m2/repository/net/bytebuddy/byte-buddy/1.15.11/byte-buddy-1.15.11.jar:/home/coder/.m2/repository/org/glassfish/jaxb/jaxb-runtime/4.0.6/jaxb-runtime-4.0.6.jar:/home/coder/.m2/repository/org/glassfish/jaxb/jaxb-core/4.0.6/jaxb-core-4.0.6.jar:/home/coder/.m2/repository/org/eclipse/angus/angus-activation/2.0.3/angus-activation-2.0.3.jar:/home/coder/.m2/repository/org/glassfish/jaxb/txw2/4.0.6/txw2-4.0.6.jar:/home/coder/.m2/repository/com/sun/istack/istack-commons-runtime/4.1.2/istack-commons-runtime-4.1.2.jar:/home/coder/.m2/repository/jakarta/inject/jakarta.inject-api/2.0.1/jakarta.inject-api-2.0.1.jar:/home/coder/.m2/repository/org/antlr/antlr4-runtime/4.13.0/antlr4-runtime-4.13.0.jar:/home/coder/.m2/repository/org/springframework/data/spring-data-jpa/3.4.12/spring-data-jpa-3.4.12.jar:/home/coder/.m2/repository/org/springframework/data/spring-data-commons/3.4.12/spring-data-commons-3.4.12.jar:/home/coder/.m2/repository/org/springframework/spring-orm/6.2.14/spring-orm-6.2.14.jar:/home/coder/.m2/repository/org/springframework/spring-context/6.2.14/spring-context-6.2.14.jar:/home/coder/.m2/repository/org/springframework/spring-aop/6.2.14/spring-aop-6.2.14.jar:/home/coder/.m2/repository/org/springframework/spring-tx/6.2.14/spring-tx-6.2.14.jar:/home/coder/.m2/repository/org/springframework/spring-beans/6.2.14/spring-beans-6.2.14.jar:/home/coder/.m2/repository/org/slf4j/slf4j-api/2.0.17/slf4j-api-2.0.17.jar:/home/coder/.m2/repository/org/springframework/spring-aspects/6.2.14/spring-aspects-6.2.14.jar:/home/coder/.m2/repository/org/aspectj/aspectjweaver/1.9.25/aspectjweaver-1.9.25.jar:/home/coder/.m2/repository/org/springframework/boot/spring-boot-starter-web/3.4.12/spring-boot-starter-web-3.4.12.jar:/home/coder/.m2/repository/org/springframework/boot/spring-boot-starter-json/3.4.12/spring-boot-starter-json-3.4.12.jar:/home/coder/.m2/repository/com/fasterxml/jackson/core/jackson-databind/2.18.5/jackson-databind-2.18.5.jar:/home/coder/.m2/repository/com/fasterxml/jackson/core/jackson-annotations/2.18.5/jackson-annotations-2.18.5.jar:/home/coder/.m2/repository/com/fasterxml/jackson/core/jackson-core/2.18.5/jackson-core-2.18.5.jar:/home/coder/.m2/repository/com/fasterxml/jackson/datatype/jackson-datatype-jdk8/2.18.5/jackson-datatype-jdk8-2.18.5.jar:/home/coder/.m2/repository/com/fasterxml/jackson/datatype/jackson-datatype-jsr310/2.18.5/jackson-datatype-jsr310-2.18.5.jar:/home/coder/.m2/repository/com/fasterxml/jackson/module/jackson-module-parameter-names/2.18.5/jackson-module-parameter-names-2.18.5.jar:/home/coder/.m2/repository/org/springframework/boot/spring-boot-starter-tomcat/3.4.12/spring-boot-starter-tomcat-3.4.12.jar:/home/coder/.m2/repository/org/apache/tomcat/embed/tomcat-embed-core/10.1.49/tomcat-embed-core-10.1.49.jar:/home/coder/.m2/repository/org/apache/tomcat/embed/tomcat-embed-el/10.1.49/tomcat-embed-el-10.1.49.jar:/home/coder/.m2/repository/org/apache/tomcat/embed/tomcat-embed-websocket/10.1.49/tomcat-embed-websocket-10.1.49.jar:/home/coder/.m2/repository/org/springframework/spring-web/6.2.14/spring-web-6.2.14.jar:/home/coder/.m2/repository/io/micrometer/micrometer-observation/1.14.13/micrometer-observation-1.14.13.jar:/home/coder/.m2/repository/io/micrometer/micrometer-commons/1.14.13/micrometer-commons-1.14.13.jar:/home/coder/.m2/repository/org/springframework/spring-webmvc/6.2.14/spring-webmvc-6.2.14.jar:/home/coder/.m2/repository/org/springframework/spring-expression/6.2.14/spring-expression-6.2.14.jar:/home/coder/.m2/repository/org/springframework/boot/spring-boot-devtools/3.4.12/spring-boot-devtools-3.4.12.jar:/home/coder/.m2/repository/org/springframework/boot/spring-boot/3.4.12/spring-boot-3.4.12.jar:/home/coder/.m2/repository/org/springframework/boot/spring-boot-autoconfigure/3.4.12/spring-boot-autoconfigure-3.4.12.jar:/home/coder/.m2/repository/com/mysql/mysql-connector-j/9.5.0/mysql-connector-j-9.5.0.jar:/home/coder/.m2/repository/org/springframework/boot/spring-boot-starter-test/3.4.12/spring-boot-starter-test-3.4.12.jar:/home/coder/.m2/repository/org/springframework/boot/spring-boot-test/3.4.12/spring-boot-test-3.4.12.jar:/home/coder/.m2/repository/org/springframework/boot/spring-boot-test-autoconfigure/3.4.12/spring-boot-test-autoconfigure-3.4.12.jar:/home/coder/.m2/repository/com/jayway/jsonpath/json-path/2.9.0/json-path-2.9.0.jar:/home/coder/.m2/repository/jakarta/xml/bind/jakarta.xml.bind-api/4.0.4/jakarta.xml.bind-api-4.0.4.jar:/home/coder/.m2/repository/jakarta/activation/jakarta.activation-api/2.1.4/jakarta.activation-api-2.1.4.jar:/home/coder/.m2/repository/net/minidev/json-smart/2.5.2/json-smart-2.5.2.jar:/home/coder/.m2/repository/net/minidev/accessors-smart/2.5.2/accessors-smart-2.5.2.jar:/home/coder/.m2/repository/org/ow2/asm/asm/9.7.1/asm-9.7.1.jar:/home/coder/.m2/repository/org/assertj/assertj-core/3.26.3/assertj-core-3.26.3.jar:/home/coder/.m2/repository/org/awaitility/awaitility/4.2.2/awaitility-4.2.2.jar:/home/coder/.m2/repository/org/hamcrest/hamcrest/2.2/hamcrest-2.2.jar:/home/coder/.m2/repository/org/junit/jupiter/junit-jupiter/5.11.4/junit-jupiter-5.11.4.jar:/home/coder/.m2/repository/org/junit/jupiter/junit-jupiter-api/5.11.4/junit-jupiter-api-5.11.4.jar:/home/coder/.m2/repository/org/opentest4j/opentest4j/1.3.0/opentest4j-1.3.0.jar:/home/coder/.m2/repository/org/junit/platform/junit-platform-commons/1.11.4/junit-platform-commons-1.11.4.jar:/home/coder/.m2/repository/org/apiguardian/apiguardian-api/1.1.2/apiguardian-api-1.1.2.jar:/home/coder/.m2/repository/org/junit/jupiter/junit-jupiter-params/5.11.4/junit-jupiter-params-5.11.4.jar:/home/coder/.m2/repository/org/junit/jupiter/junit-jupiter-engine/5.11.4/junit-jupiter-engine-5.11.4.jar:/home/coder/.m2/repository/org/junit/platform/junit-platform-engine/1.11.4/junit-platform-engine-1.11.4.jar:/home/coder/.m2/repository/org/mockito/mockito-core/5.14.2/mockito-core-5.14.2.jar:/home/coder/.m2/repository/net/bytebuddy/byte-buddy-agent/1.15.11/byte-buddy-agent-1.15.11.jar:/home/coder/.m2/repository/org/objenesis/objenesis/3.3/objenesis-3.3.jar:/home/coder/.m2/repository/org/mockito/mockito-junit-jupiter/5.14.2/mockito-junit-jupiter-5.14.2.jar:/home/coder/.m2/repository/org/skyscreamer/jsonassert/1.5.3/jsonassert-1.5.3.jar:/home/coder/.m2/repository/com/vaadin/external/google/android-json/0.0.20131108.vaadin1/android-json-0.0.20131108.vaadin1.jar:/home/coder/.m2/repository/org/springframework/spring-core/6.2.14/spring-core-6.2.14.jar:/home/coder/.m2/repository/org/springframework/spring-jcl/6.2.14/spring-jcl-6.2.14.jar:/home/coder/.m2/repository/org/springframework/spring-test/6.2.14/spring-test-6.2.14.jar:/home/coder/.m2/repository/org/xmlunit/xmlunit-core/2.10.4/xmlunit-core-2.10.4.jar:/home/coder/.m2/repository/com/google/appengine/appengine-api-1.0-sdk/1.9.76/appengine-api-1.0-sdk-1.9.76.jar:"/>
    <property name="java.vm.vendor" value="Debian"/>
    <property name="sun.arch.data.model" value="64"/>
    <property name="java.vendor.url" value="https://tracker.debian.org/openjdk-17"/>
    <property name="user.timezone" value="Etc/UTC"/>
    <property name="org.jboss.logging.provider" value="slf4j"/>
    <property name="os.name" value="Linux"/>
    <property name="java.vm.specification.version" value="17"/>
    <property name="sun.java.launcher" value="SUN_STANDARD"/>
    <property name="user.country" value="US"/>
    <property name="sun.boot.library.path" value="/usr/lib/jvm/java-17-openjdk-amd64/lib"/>
    <property name="sun.java.command" value="/home/coder/project/workspace/springapp/target/surefire/surefirebooter-20251225104255501_3.jar /home/coder/project/workspace/springapp/target/surefire 2025-12-25T10-42-54_555-jvmRun1 surefire-20251225104255501_1tmp surefire_0-20251225104255501_2tmp"/>
    <property name="jdk.debug" value="release"/>
    <property name="surefire.test.class.path" value="/home/coder/project/workspace/springapp/target/test-classes:/home/coder/project/workspace/springapp/target/classes:/home/coder/.m2/repository/org/springframework/boot/spring-boot-starter-data-jpa/3.4.12/spring-boot-starter-data-jpa-3.4.12.jar:/home/coder/.m2/repository/org/springframework/boot/spring-boot-starter/3.4.12/spring-boot-starter-3.4.12.jar:/home/coder/.m2/repository/org/springframework/boot/spring-boot-starter-logging/3.4.12/spring-boot-starter-logging-3.4.12.jar:/home/coder/.m2/repository/ch/qos/logback/logback-classic/1.5.21/logback-classic-1.5.21.jar:/home/coder/.m2/repository/ch/qos/logback/logback-core/1.5.21/logback-core-1.5.21.jar:/home/coder/.m2/repository/org/apache/logging/log4j/log4j-to-slf4j/2.24.3/log4j-to-slf4j-2.24.3.jar:/home/coder/.m2/repository/org/apache/logging/log4j/log4j-api/2.24.3/log4j-api-2.24.3.jar:/home/coder/.m2/repository/org/slf4j/jul-to-slf4j/2.0.17/jul-to-slf4j-2.0.17.jar:/home/coder/.m2/repository/jakarta/annotation/jakarta.annotation-api/2.1.1/jakarta.annotation-api-2.1.1.jar:/home/coder/.m2/repository/org/yaml/snakeyaml/2.3/snakeyaml-2.3.jar:/home/coder/.m2/repository/org/springframework/boot/spring-boot-starter-jdbc/3.4.12/spring-boot-starter-jdbc-3.4.12.jar:/home/coder/.m2/repository/com/zaxxer/HikariCP/5.1.0/HikariCP-5.1.0.jar:/home/coder/.m2/repository/org/springframework/spring-jdbc/6.2.14/spring-jdbc-6.2.14.jar:/home/coder/.m2/repository/org/hibernate/orm/hibernate-core/6.6.36.Final/hibernate-core-6.6.36.Final.jar:/home/coder/.m2/repository/jakarta/persistence/jakarta.persistence-api/3.1.0/jakarta.persistence-api-3.1.0.jar:/home/coder/.m2/repository/jakarta/transaction/jakarta.transaction-api/2.0.1/jakarta.transaction-api-2.0.1.jar:/home/coder/.m2/repository/org/jboss/logging/jboss-logging/3.6.1.Final/jboss-logging-3.6.1.Final.jar:/home/coder/.m2/repository/org/hibernate/common/hibernate-commons-annotations/7.0.3.Final/hibernate-commons-annotations-7.0.3.Final.jar:/home/coder/.m2/repository/io/smallrye/jandex/3.2.0/jandex-3.2.0.jar:/home/coder/.m2/repository/com/fasterxml/classmate/1.7.1/classmate-1.7.1.jar:/home/coder/.m2/repository/net/bytebuddy/byte-buddy/1.15.11/byte-buddy-1.15.11.jar:/home/coder/.m2/repository/org/glassfish/jaxb/jaxb-runtime/4.0.6/jaxb-runtime-4.0.6.jar:/home/coder/.m2/repository/org/glassfish/jaxb/jaxb-core/4.0.6/jaxb-core-4.0.6.jar:/home/coder/.m2/repository/org/eclipse/angus/angus-activation/2.0.3/angus-activation-2.0.3.jar:/home/coder/.m2/repository/org/glassfish/jaxb/txw2/4.0.6/txw2-4.0.6.jar:/home/coder/.m2/repository/com/sun/istack/istack-commons-runtime/4.1.2/istack-commons-runtime-4.1.2.jar:/home/coder/.m2/repository/jakarta/inject/jakarta.inject-api/2.0.1/jakarta.inject-api-2.0.1.jar:/home/coder/.m2/repository/org/antlr/antlr4-runtime/4.13.0/antlr4-runtime-4.13.0.jar:/home/coder/.m2/repository/org/springframework/data/spring-data-jpa/3.4.12/spring-data-jpa-3.4.12.jar:/home/coder/.m2/repository/org/springframework/data/spring-data-commons/3.4.12/spring-data-commons-3.4.12.jar:/home/coder/.m2/repository/org/springframework/spring-orm/6.2.14/spring-orm-6.2.14.jar:/home/coder/.m2/repository/org/springframework/spring-context/6.2.14/spring-context-6.2.14.jar:/home/coder/.m2/repository/org/springframework/spring-aop/6.2.14/spring-aop-6.2.14.jar:/home/coder/.m2/repository/org/springframework/spring-tx/6.2.14/spring-tx-6.2.14.jar:/home/coder/.m2/repository/org/springframework/spring-beans/6.2.14/spring-beans-6.2.14.jar:/home/coder/.m2/repository/org/slf4j/slf4j-api/2.0.17/slf4j-api-2.0.17.jar:/home/coder/.m2/repository/org/springframework/spring-aspects/6.2.14/spring-aspects-6.2.14.jar:/home/coder/.m2/repository/org/aspectj/aspectjweaver/1.9.25/aspectjweaver-1.9.25.jar:/home/coder/.m2/repository/org/springframework/boot/spring-boot-starter-web/3.4.12/spring-boot-starter-web-3.4.12.jar:/home/coder/.m2/repository/org/springframework/boot/spring-boot-starter-json/3.4.12/spring-boot-starter-json-3.4.12.jar:/home/coder/.m2/repository/com/fasterxml/jackson/core/jackson-databind/2.18.5/jackson-databind-2.18.5.jar:/home/coder/.m2/repository/com/fasterxml/jackson/core/jackson-annotations/2.18.5/jackson-annotations-2.18.5.jar:/home/coder/.m2/repository/com/fasterxml/jackson/core/jackson-core/2.18.5/jackson-core-2.18.5.jar:/home/coder/.m2/repository/com/fasterxml/jackson/datatype/jackson-datatype-jdk8/2.18.5/jackson-datatype-jdk8-2.18.5.jar:/home/coder/.m2/repository/com/fasterxml/jackson/datatype/jackson-datatype-jsr310/2.18.5/jackson-datatype-jsr310-2.18.5.jar:/home/coder/.m2/repository/com/fasterxml/jackson/module/jackson-module-parameter-names/2.18.5/jackson-module-parameter-names-2.18.5.jar:/home/coder/.m2/repository/org/springframework/boot/spring-boot-starter-tomcat/3.4.12/spring-boot-starter-tomcat-3.4.12.jar:/home/coder/.m2/repository/org/apache/tomcat/embed/tomcat-embed-core/10.1.49/tomcat-embed-core-10.1.49.jar:/home/coder/.m2/repository/org/apache/tomcat/embed/tomcat-embed-el/10.1.49/tomcat-embed-el-10.1.49.jar:/home/coder/.m2/repository/org/apache/tomcat/embed/tomcat-embed-websocket/10.1.49/tomcat-embed-websocket-10.1.49.jar:/home/coder/.m2/repository/org/springframework/spring-web/6.2.14/spring-web-6.2.14.jar:/home/coder/.m2/repository/io/micrometer/micrometer-observation/1.14.13/micrometer-observation-1.14.13.jar:/home/coder/.m2/repository/io/micrometer/micrometer-commons/1.14.13/micrometer-commons-1.14.13.jar:/home/coder/.m2/repository/org/springframework/spring-webmvc/6.2.14/spring-webmvc-6.2.14.jar:/home/coder/.m2/repository/org/springframework/spring-expression/6.2.14/spring-expression-6.2.14.jar:/home/coder/.m2/repository/org/springframework/boot/spring-boot-devtools/3.4.12/spring-boot-devtools-3.4.12.jar:/home/coder/.m2/repository/org/springframework/boot/spring-boot/3.4.12/spring-boot-3.4.12.jar:/home/coder/.m2/repository/org/springframework/boot/spring-boot-autoconfigure/3.4.12/spring-boot-autoconfigure-3.4.12.jar:/home/coder/.m2/repository/com/mysql/mysql-connector-j/9.5.0/mysql-connector-j-9.5.0.jar:/home/coder/.m2/repository/org/springframework/boot/spring-boot-starter-test/3.4.12/spring-boot-starter-test-3.4.12.jar:/home/coder/.m2/repository/org/springframework/boot/spring-boot-test/3.4.12/spring-boot-test-3.4.12.jar:/home/coder/.m2/repository/org/springframework/boot/spring-boot-test-autoconfigure/3.4.12/spring-boot-test-autoconfigure-3.4.12.jar:/home/coder/.m2/repository/com/jayway/jsonpath/json-path/2.9.0/json-path-2.9.0.jar:/home/coder/.m2/repository/jakarta/xml/bind/jakarta.xml.bind-api/4.0.4/jakarta.xml.bind-api-4.0.4.jar:/home/coder/.m2/repository/jakarta/activation/jakarta.activation-api/2.1.4/jakarta.activation-api-2.1.4.jar:/home/coder/.m2/repository/net/minidev/json-smart/2.5.2/json-smart-2.5.2.jar:/home/coder/.m2/repository/net/minidev/accessors-smart/2.5.2/accessors-smart-2.5.2.jar:/home/coder/.m2/repository/org/ow2/asm/asm/9.7.1/asm-9.7.1.jar:/home/coder/.m2/repository/org/assertj/assertj-core/3.26.3/assertj-core-3.26.3.jar:/home/coder/.m2/repository/org/awaitility/awaitility/4.2.2/awaitility-4.2.2.jar:/home/coder/.m2/repository/org/hamcrest/hamcrest/2.2/hamcrest-2.2.jar:/home/coder/.m2/repository/org/junit/jupiter/junit-jupiter/5.11.4/junit-jupiter-5.11.4.jar:/home/coder/.m2/repository/org/junit/jupiter/junit-jupiter-api/5.11.4/junit-jupiter-api-5.11.4.jar:/home/coder/.m2/repository/org/opentest4j/opentest4j/1.3.0/opentest4j-1.3.0.jar:/home/coder/.m2/repository/org/junit/platform/junit-platform-commons/1.11.4/junit-platform-commons-1.11.4.jar:/home/coder/.m2/repository/org/apiguardian/apiguardian-api/1.1.2/apiguardian-api-1.1.2.jar:/home/coder/.m2/repository/org/junit/jupiter/junit-jupiter-params/5.11.4/junit-jupiter-params-5.11.4.jar:/home/coder/.m2/repository/org/junit/jupiter/junit-jupiter-engine/5.11.4/junit-jupiter-engine-5.11.4.jar:/home/coder/.m2/repository/org/junit/platform/junit-platform-engine/1.11.4/junit-platform-engine-1.11.4.jar:/home/coder/.m2/repository/org/mockito/mockito-core/5.14.2/mockito-core-5.14.2.jar:/home/coder/.m2/repository/net/bytebuddy/byte-buddy-agent/1.15.11/byte-buddy-agent-1.15.11.jar:/home/coder/.m2/repository/org/objenesis/objenesis/3.3/objenesis-3.3.jar:/home/coder/.m2/repository/org/mockito/mockito-junit-jupiter/5.14.2/mockito-junit-jupiter-5.14.2.jar:/home/coder/.m2/repository/org/skyscreamer/jsonassert/1.5.3/jsonassert-1.5.3.jar:/home/coder/.m2/repository/com/vaadin/external/google/android-json/0.0.20131108.vaadin1/android-json-0.0.20131108.vaadin1.jar:/home/coder/.m2/repository/org/springframework/spring-core/6.2.14/spring-core-6.2.14.jar:/home/coder/.m2/repository/org/springframework/spring-jcl/6.2.14/spring-jcl-6.2.14.jar:/home/coder/.m2/repository/org/springframework/spring-test/6.2.14/spring-test-6.2.14.jar:/home/coder/.m2/repository/org/xmlunit/xmlunit-core/2.10.4/xmlunit-core-2.10.4.jar:/home/coder/.m2/repository/com/google/appengine/appengine-api-1.0-sdk/1.9.76/appengine-api-1.0-sdk-1.9.76.jar:"/>
    <property name="sun.cpu.endian" value="little"/>
    <property name="user.home" value="/home/coder"/>
    <property name="user.language" value="en"/>
    <property name="java.specification.vendor" value="Oracle Corporation"/>
    <property name="java.version.date" value="2025-10-21"/>
    <property name="java.home" value="/usr/lib/jvm/java-17-openjdk-amd64"/>
    <property name="file.separator" value="/"/>
    <property name="basedir" value="/home/coder/project/workspace/springapp"/>
    <property name="java.vm.compressedOopsMode" value="32-bit"/>
    <property name="line.separator" value="&#10;"/>
    <property name="java.specification.name" value="Java Platform API Specification"/>
    <property name="java.vm.specification.vendor" value="Oracle Corporation"/>
    <property name="FILE_LOG_CHARSET" value="UTF-8"/>
    <property name="java.awt.headless" value="true"/>
    <property name="surefire.real.class.path" value="/home/coder/project/workspace/springapp/target/surefire/surefirebooter-20251225104255501_3.jar"/>
    <property name="sun.management.compiler" value="HotSpot 64-Bit Tiered Compilers"/>
    <property name="java.runtime.version" value="17.0.17+10-Debian-1deb11u1"/>
    <property name="user.name" value="coder"/>
    <property name="path.separator" value=":"/>
    <property name="os.version" value="6.6.105+"/>
    <property name="java.runtime.name" value="OpenJDK Runtime Environment"/>
    <property name="file.encoding" value="UTF-8"/>
    <property name="java.vm.name" value="OpenJDK 64-Bit Server VM"/>
    <property name="localRepository" value="/home/coder/.m2/repository"/>
    <property name="java.vendor.url.bug" value="https://bugs.debian.org/openjdk-17"/>
    <property name="java.io.tmpdir" value="/tmp"/>
    <property name="com.zaxxer.hikari.pool_number" value="1"/>
    <property name="java.version" value="17.0.17"/>
    <property name="user.dir" value="/home/coder/project/workspace/springapp"/>
    <property name="os.arch" value="amd64"/>
    <property name="java.vm.specification.name" value="Java Virtual Machine Specification"/>
    <property name="PID" value="637"/>
    <property name="CONSOLE_LOG_CHARSET" value="UTF-8"/>
    <property name="native.encoding" value="UTF-8"/>
    <property name="java.library.path" value="/usr/java/packages/lib:/usr/lib/x86_64-linux-gnu/jni:/lib/x86_64-linux-gnu:/usr/lib/x86_64-linux-gnu:/usr/lib/jni:/lib:/usr/lib"/>
    <property name="java.vm.info" value="mixed mode, sharing"/>
    <property name="java.vendor" value="Debian"/>
    <property name="java.vm.version" value="17.0.17+10-Debian-1deb11u1"/>
    <property name="java.specification.maintenance.version" value="1"/>
    <property name="sun.io.unicode.encoding" value="UnicodeLittle"/>
    <property name="java.class.version" value="61.0"/>
  </properties>
  <testcase name="Day3_test_Controller_Directory_Exists" classname="com.examly.springapp.SpringappApplicationTests" time="0.524">
    <system-out><![CDATA[10:42:56.667 [main] INFO org.springframework.test.context.support.AnnotationConfigContextLoaderUtils -- Could not detect default configuration classes for test class [com.examly.springapp.SpringappApplicationTests]: SpringappApplicationTests does not declare any static, non-private, non-final, nested classes annotated with @Configuration.
10:42:56.882 [main] INFO org.springframework.boot.test.context.SpringBootTestContextBootstrapper -- Found @SpringBootConfiguration com.examly.springapp.SpringappApplication for test class com.examly.springapp.SpringappApplicationTests
10:42:57.078 [main] INFO org.springframework.boot.devtools.restart.RestartApplicationListener -- Restart disabled due to context in which it is running

  .   ____          _            __ _ _
 /\\ / ___'_ __ _ _(_)_ __  __ _ \ \ \ \
( ( )\___ | '_ | '_| | '_ \/ _` | \ \ \ \
 \\/  ___)| |_)| | | | | || (_| |  ) ) ) )
  '  |____| .__|_| |_|_| |_\__, | / / / /
 =========|_|==============|___/=/_/_/_/

 :: Spring Boot ::               (v3.4.12)

2025-12-25T10:42:57.479Z  INFO 637 --- [           main] c.e.springapp.SpringappApplicationTests  : Starting SpringappApplicationTests using Java 17.0.17 with PID 637 (started by coder in /home/coder/project/workspace/springapp)
2025-12-25T10:42:57.480Z  INFO 637 --- [           main] c.e.springapp.SpringappApplicationTests  : No active profile set, falling back to 1 default profile: "default"
2025-12-25T10:42:58.400Z  INFO 637 --- [           main] .s.d.r.c.RepositoryConfigurationDelegate : Bootstrapping Spring Data JPA repositories in DEFAULT mode.
2025-12-25T10:42:58.488Z  INFO 637 --- [           main] .s.d.r.c.RepositoryConfigurationDelegate : Finished Spring Data repository scanning in 37 ms. Found 1 JPA repository interface.
2025-12-25T10:42:58.816Z  INFO 637 --- [           main] o.hibernate.jpa.internal.util.LogHelper  : HHH000204: Processing PersistenceUnitInfo [name: default]
2025-12-25T10:42:58.844Z  INFO 637 --- [           main] org.hibernate.Version                    : HHH000412: Hibernate ORM core version 6.6.36.Final
2025-12-25T10:42:58.872Z  INFO 637 --- [           main] o.h.c.internal.RegionFactoryInitiator    : HHH000026: Second-level cache disabled
2025-12-25T10:42:59.262Z  INFO 637 --- [           main] o.s.o.j.p.SpringPersistenceUnitInfo      : No LoadTimeWeaver setup: ignoring JPA class transformer
2025-12-25T10:42:59.291Z  INFO 637 --- [           main] com.zaxxer.hikari.HikariDataSource       : HikariPool-1 - Starting...
2025-12-25T10:42:59.555Z  INFO 637 --- [           main] com.zaxxer.hikari.pool.HikariPool        : HikariPool-1 - Added connection com.mysql.cj.jdbc.ConnectionImpl@138a85d3
2025-12-25T10:42:59.556Z  INFO 637 --- [           main] com.zaxxer.hikari.HikariDataSource       : HikariPool-1 - Start completed.
2025-12-25T10:42:59.572Z  WARN 637 --- [           main] org.hibernate.orm.deprecation            : HHH90000025: MySQL8Dialect does not need to be specified explicitly using 'hibernate.dialect' (remove the property setting and it will be selected by default)
2025-12-25T10:42:59.573Z  WARN 637 --- [           main] org.hibernate.orm.deprecation            : HHH90000026: MySQL8Dialect has been deprecated; use org.hibernate.dialect.MySQLDialect instead
2025-12-25T10:42:59.588Z  INFO 637 --- [           main] org.hibernate.orm.connections.pooling    : HHH10001005: Database info:
	Database JDBC URL [Connecting through datasource 'HikariDataSource (HikariPool-1)']
	Database driver: undefined/unknown
	Database version: 8.0
	Autocommit mode: undefined/unknown
	Isolation level: undefined/unknown
	Minimum pool size: undefined/unknown
	Maximum pool size: undefined/unknown
2025-12-25T10:43:00.601Z  INFO 637 --- [           main] o.h.e.t.j.p.i.JtaPlatformInitiator       : HHH000489: No JTA platform available (set 'hibernate.transaction.jta.platform' to enable JTA platform integration)
Hibernate: drop table if exists category
Hibernate: drop table if exists product
Hibernate: drop table if exists stock_entry
Hibernate: drop table if exists stock_movement
Hibernate: drop table if exists warehouse
Hibernate: create table category (category_id bigint not null auto_increment, name varchar(255), primary key (category_id)) engine=InnoDB
Hibernate: create table product (price float(53), stock_quantity integer, category_id bigint, product_id bigint not null, description varchar(255), product_name varchar(255), primary key (product_id)) engine=InnoDB
Hibernate: create table stock_entry (quantity integer, product_id bigint, stock_entry_id bigint not null, warehouse_id bigint, primary key (stock_entry_id)) engine=InnoDB
Hibernate: create table stock_movement (quantity integer, movement_id bigint not null, product_id bigint, warehouse_id bigint not null, primary key (movement_id)) engine=InnoDB
Hibernate: create table warehouse (warehouse_id bigint not null, location varchar(255), name varchar(255), primary key (warehouse_id)) engine=InnoDB
2025-12-25T10:43:00.872Z  INFO 637 --- [           main] j.LocalContainerEntityManagerFactoryBean : Initialized JPA EntityManagerFactory for persistence unit 'default'
2025-12-25T10:43:01.564Z  WARN 637 --- [           main] JpaBaseConfiguration$JpaWebConfiguration : spring.jpa.open-in-view is enabled by default. Therefore, database queries may be performed during view rendering. Explicitly configure spring.jpa.open-in-view to disable this warning
2025-12-25T10:43:02.088Z  INFO 637 --- [           main] o.s.b.t.m.w.SpringBootMockServletContext : Initializing Spring TestDispatcherServlet ''
2025-12-25T10:43:02.088Z  INFO 637 --- [           main] o.s.t.web.servlet.TestDispatcherServlet  : Initializing Servlet ''
2025-12-25T10:43:02.089Z  INFO 637 --- [           main] o.s.t.web.servlet.TestDispatcherServlet  : Completed initialization in 1 ms
2025-12-25T10:43:02.158Z  INFO 637 --- [           main] c.e.springapp.SpringappApplicationTests  : Started SpringappApplicationTests in 5.091 seconds (process running for 6.588)
]]></system-out>
  </testcase>
  <testcase name="Day3_test_Model_Directory_Exists" classname="com.examly.springapp.SpringappApplicationTests" time="0.005"/>
  <testcase name="Day3_test_Service_Directory_Exists" classname="com.examly.springapp.SpringappApplicationTests" time="0.004"/>
  <testcase name="Day3_test_Repository_Directory_Exists" classname="com.examly.springapp.SpringappApplicationTests" time="0.005"/>
  <testcase name="Day4_test_CategoryModel_File_Exists" classname="com.examly.springapp.SpringappApplicationTests" time="0.005"/>
  <testcase name="Day4_test_ProductModel_File_Exists" classname="com.examly.springapp.SpringappApplicationTests" time="0.004"/>
  <testcase name="Day4_test_StockEntry_File_Exists" classname="com.examly.springapp.SpringappApplicationTests" time="0.004"/>
  <testcase name="Day4_test_StockMovement_File_Exists" classname="com.examly.springapp.SpringappApplicationTests" time="0.004"/>
  <testcase name="Day4_test_WareHouse_File_Exists" classname="com.examly.springapp.SpringappApplicationTests" time="0.005"/>
  <testcase name="Day4_test_Product_Has_Entity_Annotation" classname="com.examly.springapp.SpringappApplicationTests" time="0.004"/>
  <testcase name="test_Product_Has_Id_Annotation_On_Field" classname="com.examly.springapp.SpringappApplicationTests" time="0.004"/>
  <testcase name="Day5_testCategoryRepo_File_Exists" classname="com.examly.springapp.SpringappApplicationTests" time="0.062"/>
  <testcase name="Day5_testProductRepo_File_Exists" classname="com.examly.springapp.SpringappApplicationTests" time="0.004"/>
  <testcase name="Day5_testStockEntryRepo_File_Exists" classname="com.examly.springapp.SpringappApplicationTests" time="0.005"/>
  <testcase name="Day5_testStockMovementRepo_File_Exists" classname="com.examly.springapp.SpringappApplicationTests" time="0.004"/>
  <testcase name="Day5_testWarehouseRepo_File_Exists" classname="com.examly.springapp.SpringappApplicationTests" time="0.005"/>
  <testcase name="Day5_test_ProductRepo_Has_Repository_Annotation" classname="com.examly.springapp.SpringappApplicationTests" time="0.004"/>
  <testcase name="Day5_test_CategoryRepo_Has_Repository_Annotation" classname="com.examly.springapp.SpringappApplicationTests" time="0.004"/>
  <testcase name="Day5_test_StockEntryRepo_Has_Repository_Annotation" classname="com.examly.springapp.SpringappApplicationTests" time="0.003"/>
  <testcase name="Day5_test_StockMovementRepo_Has_Repository_Annotation" classname="com.examly.springapp.SpringappApplicationTests" time="0.003"/>
  <testcase name="Day5_test_WareHouseRepo_Has_Repository_Annotation" classname="com.examly.springapp.SpringappApplicationTests" time="0.005"/>
  <testcase name="Day6_test_CategoryController_File_Exists" classname="com.examly.springapp.SpringappApplicationTests" time="0.004"/>
  <testcase name="Day6_test_ProductController_File_Exists" classname="com.examly.springapp.SpringappApplicationTests" time="0.004"/>
  <testcase name="Day6_test_StockEntryController_File_Exists" classname="com.examly.springapp.SpringappApplicationTests" time="0.004"/>
  <testcase name="Day6_test_StockMovementController_File_Exists" classname="com.examly.springapp.SpringappApplicationTests" time="0.004"/>
  <testcase name="Day6_test_WarehouseController_File_Exists" classname="com.examly.springapp.SpringappApplicationTests" time="0.004"/>
  <testcase name="Day6_test_CategoryController_Has_RestController_Annotation" classname="com.examly.springapp.SpringappApplicationTests" time="0.003"/>
  <testcase name="Day6_test_ProductController_Has_RestController_Annotation" classname="com.examly.springapp.SpringappApplicationTests" time="0.002"/>
  <testcase name="Day6_test_CategoryController_Has_PostMapping" classname="com.examly.springapp.SpringappApplicationTests" time="0.002"/>
  <testcase name="Day6_test_CategoryController_Has_GetMapping" classname="com.examly.springapp.SpringappApplicationTests" time="0.002"/>
  <testcase name="Day6_test_CategoryController_Has_PutMapping" classname="com.examly.springapp.SpringappApplicationTests" time="0.067"/>
  <testcase name="Day6_test_CategoryController_Has_DeleteMapping" classname="com.examly.springapp.SpringappApplicationTests" time="0.004"/>
  <testcase name="Day6_testCreateCategory_NoBody_StatusBadRequest" classname="com.examly.springapp.SpringappApplicationTests" time="0.143">
    <system-out><![CDATA[2025-12-25T10:43:03.198Z  WARN 637 --- [           main] .w.s.m.s.DefaultHandlerExceptionResolver : Resolved [org.springframework.http.converter.HttpMessageNotReadableException: Required request body is missing: public org.springframework.http.ResponseEntity<com.examly.springapp.model.Category> com.examly.springapp.controller.CategoryController.addCategory(com.examly.springapp.model.Category)]
]]></system-out>
  </testcase>
  <testcase name="Day6_testGetAllCategories_StatusNoCotent" classname="com.examly.springapp.SpringappApplicationTests" time="0.241">
    <system-out><![CDATA[Hibernate: select c1_0.category_id,c1_0.name from category c1_0
]]></system-out>
  </testcase>
  <testcase name="Day7_test_CategoryController_Has_RequestMapping" classname="com.examly.springapp.SpringappApplicationTests" time="0.003"/>
  <testcase name="Day7_test_CategoryController_Has_PathVariable" classname="com.examly.springapp.SpringappApplicationTests" time="0.004"/>
  <testcase name="Day7_test_ProductController_Has_RequestMapping" classname="com.examly.springapp.SpringappApplicationTests" time="0.004"/>
  <testcase name="Day7_test_WarehouseController_Has_RequestMapping" classname="com.examly.springapp.SpringappApplicationTests" time="0.003"/>
  <testcase name="Day7_test_ProductController_Has_PathVariable" classname="com.examly.springapp.SpringappApplicationTests" time="0.004"/>
  <testcase name="Day7_test_WarehouseController_Has_PathVariable" classname="com.examly.springapp.SpringappApplicationTests" time="0.004"/>
  <testcase name="Day7_test_StockMovement_Has_RequestMapping" classname="com.examly.springapp.SpringappApplicationTests" time="0.004"/>
  <testcase name="Day8_test_CategoryService_File_Exists" classname="com.examly.springapp.SpringappApplicationTests" time="0.004"/>
  <testcase name="Day8_test_ProductService_File_Exists" classname="com.examly.springapp.SpringappApplicationTests" time="0.003"/>
  <testcase name="Day8_test_StockEntryService_File_Exists" classname="com.examly.springapp.SpringappApplicationTests" time="0.003"/>
  <testcase name="Day8_test_StockMovementService_File_Exists" classname="com.examly.springapp.SpringappApplicationTests" time="0.003"/>
  <testcase name="Day8_test_WarehouseService_File_Exists" classname="com.examly.springapp.SpringappApplicationTests" time="0.002"/>
  <testcase name="Day8_test_CategoryServiceImpl_File_Exists" classname="com.examly.springapp.SpringappApplicationTests" time="0.002"/>
  <testcase name="Day8_test_ProductServiceImpl_File_Exists" classname="com.examly.springapp.SpringappApplicationTests" time="0.002"/>
  <testcase name="Day8_test_StockEntryServiceImpl_File_Exists" classname="com.examly.springapp.SpringappApplicationTests" time="0.002"/>
  <testcase name="Day8_test_StockMovementServiceImpl_File_Exists" classname="com.examly.springapp.SpringappApplicationTests" time="0.004"/>
  <testcase name="Day8_test_WarehouseServiceImpl_File_Exists" classname="com.examly.springapp.SpringappApplicationTests" time="0.003"/>
  <testcase name="Day8_testAddCategory" classname="com.examly.springapp.SpringappApplicationTests" time="0.113">
    <system-out><![CDATA[Hibernate: insert into category (name) values (?)
]]></system-out>
  </testcase>
  <testcase name="Day8_testGetAllCategories" classname="com.examly.springapp.SpringappApplicationTests" time="0.01">
    <system-out><![CDATA[Hibernate: select c1_0.category_id,c1_0.name from category c1_0
]]></system-out>
  </testcase>
  <testcase name="Day8_testGetCategoryById" classname="com.examly.springapp.SpringappApplicationTests" time="0.013">
    <system-out><![CDATA[Hibernate: select c1_0.category_id,c1_0.name from category c1_0 where c1_0.category_id=?
]]></system-out>
  </testcase>
  <testcase name="Day8_testUpdateCategory" classname="com.examly.springapp.SpringappApplicationTests" time="0.015">
    <system-out><![CDATA[Hibernate: select c1_0.category_id,c1_0.name from category c1_0 where c1_0.category_id=?
Hibernate: update category set name=? where category_id=?
]]></system-out>
  </testcase>
  <testcase name="Day9_testPagination_PageNumberApplied" classname="com.examly.springapp.SpringappApplicationTests" time="0.06">
    <system-out><![CDATA[Hibernate: select c1_0.category_id,c1_0.name from category c1_0 limit ?,?
2025-12-25T10:43:03.755Z  WARN 637 --- [           main] ration$PageModule$WarningLoggingModifier : Serializing PageImpl instances as-is is not supported, meaning that there is no guarantee about the stability of the resulting JSON structure!
	For a stable JSON structure, please use Spring Data's PagedModel (globally via @EnableSpringDataWebSupport(pageSerializationMode = VIA_DTO))
	or Spring HATEOAS and Spring Data's PagedResourcesAssembler as documented in https://docs.spring.io/spring-data/commons/reference/repositories/core-extensions.html#core.web.pageables.

]]></system-out>
  </testcase>
  <testcase name="Day9_testPagination_PageSizeApplied" classname="com.examly.springapp.SpringappApplicationTests" time="0.014">
    <system-out><![CDATA[Hibernate: select c1_0.category_id,c1_0.name from category c1_0 limit ?,?
Hibernate: select count(c1_0.category_id) from category c1_0
]]></system-out>
  </testcase>
  <testcase name="Day9_testPagination_SortingPresent" classname="com.examly.springapp.SpringappApplicationTests" time="0.011">
    <system-out><![CDATA[Hibernate: select c1_0.category_id,c1_0.name from category c1_0 limit ?,?
]]></system-out>
  </testcase>
  <testcase name="Day9_testPagination_ContentArrayExists" classname="com.examly.springapp.SpringappApplicationTests" time="0.007">
    <system-out><![CDATA[Hibernate: select c1_0.category_id,c1_0.name from category c1_0 limit ?,?
]]></system-out>
  </testcase>
  <testcase name="Day8_testPagination_TotalElementsExists" classname="com.examly.springapp.SpringappApplicationTests" time="0.05">
    <system-out><![CDATA[Hibernate: select c1_0.category_id,c1_0.name from category c1_0 limit ?,?
]]></system-out>
  </testcase>
  <testcase name="Day8_testPagination_TotalPagesExists" classname="com.examly.springapp.SpringappApplicationTests" time="0.007">
    <system-out><![CDATA[Hibernate: select c1_0.category_id,c1_0.name from category c1_0 limit ?,?
]]></system-out>
  </testcase>
  <testcase name="Day10_testAddProduct" classname="com.examly.springapp.SpringappApplicationTests" time="0.008"/>
  <testcase name="Day10_testGetAllProducts" classname="com.examly.springapp.SpringappApplicationTests" time="0.003"/>
  <testcase name="Day10_testGetProductById" classname="com.examly.springapp.SpringappApplicationTests" time="0.004"/>
  <testcase name="Day10_testUpdateProduct" classname="com.examly.springapp.SpringappApplicationTests" time="0.004"/>
  <testcase name="Day10_testAddWarehouse" classname="com.examly.springapp.SpringappApplicationTests" time="0.005"/>
  <testcase name="Day10_testGetAllWarehouses" classname="com.examly.springapp.SpringappApplicationTests" time="0.002"/>
  <testcase name="Day10_testGetWarehouseById" classname="com.examly.springapp.SpringappApplicationTests" time="0.003"/>
  <testcase name="Day10_testUpdateWarehouse" classname="com.examly.springapp.SpringappApplicationTests" time="0.004"/>
  <testcase name="Day11_testGetWarehousesByLocation" classname="com.examly.springapp.SpringappApplicationTests" time="0.005"/>
  <testcase name="Day12_testGetProductsBycategoryName" classname="com.examly.springapp.SpringappApplicationTests" time="0.004"/>
  <testcase name="Day12_testGetWarehouseByLocationAndName" classname="com.examly.springapp.SpringappApplicationTests" time="0.004"/>
  <testcase name="Day12_testGetWarehouseByLocation_NotFound" classname="com.examly.springapp.SpringappApplicationTests" time="0.006"/>
  <testcase name="Day12_testGetProductByName" classname="com.examly.springapp.SpringappApplicationTests" time="0.008">
    <failure message="No value at JSON path &quot;$[0].productName&quot;" type="java.lang.AssertionError"><![CDATA[java.lang.AssertionError: No value at JSON path "$[0].productName"
	at org.springframework.test.util.JsonPathExpectationsHelper.evaluateJsonPath(JsonPathExpectationsHelper.java:351)
	at org.springframework.test.util.JsonPathExpectationsHelper.assertValue(JsonPathExpectationsHelper.java:148)
	at org.springframework.test.web.servlet.result.JsonPathResultMatchers.lambda$value$2(JsonPathResultMatchers.java:112)
	at org.springframework.test.web.servlet.MockMvc$1.andExpect(MockMvc.java:214)
	at com.examly.springapp.SpringappApplicationTests.Day12_testGetProductByName(SpringappApplicationTests.java:1123)
	at java.base/java.lang.reflect.Method.invoke(Method.java:569)
	at java.base/java.util.ArrayList.forEach(ArrayList.java:1511)
	at java.base/java.util.ArrayList.forEach(ArrayList.java:1511)
Caused by: com.jayway.jsonpath.PathNotFoundException: Filter: [0]['productName'] can only be applied to arrays. Current context is: {productId=1, productName=Updated Laptop, description=Updated description, price=null, stockQuantity=null, categoryId=null}
]]></failure>
    <system-out><![CDATA[
MockHttpServletRequest:
      HTTP Method = GET
      Request URI = /api/products/name/Updated%20Laptop
       Parameters = {}
          Headers = [Accept:"application/json"]
             Body = null
    Session Attrs = {}

Handler:
             Type = com.examly.springapp.controller.ProductController
           Method = com.examly.springapp.controller.ProductController#getProductByName(String)

Async:
    Async started = false
     Async result = null

Resolved Exception:
             Type = null

ModelAndView:
        View name = null
             View = null
            Model = null

FlashMap:
       Attributes = null

MockHttpServletResponse:
           Status = 200
    Error message = null
          Headers = [Content-Type:"application/json"]
     Content type = application/json
             Body = {"productId":1,"productName":"Updated Laptop","description":"Updated description","price":null,"stockQuantity":null,"categoryId":null}
    Forwarded URL = null
   Redirected URL = null
          Cookies = []
]]></system-out>
  </testcase>
  <testcase name="Day12_testGetProductByName_NotFound" classname="com.examly.springapp.SpringappApplicationTests" time="0.004"/>
  <testcase name="Day13_test_execption_Directory_Exists" classname="com.examly.springapp.SpringappApplicationTests" time="0.003"/>
  <testcase name="Day13_test_GloabalEception_File_Exists" classname="com.examly.springapp.SpringappApplicationTests" time="0.003"/>
  <testcase name="Day14test_configuartion_Directory_Exists" classname="com.examly.springapp.SpringappApplicationTests" time="0.002"/>
  <testcase name="Day15_testAOPLogFileExists" classname="com.examly.springapp.SpringappApplicationTests" time="0.004"/>
</testsuite>